<?xml version="1.0" encoding="UTF-8"?>
<testsuite name="csci.ooad.PolymorphiaTest" tests="1" skipped="0" failures="1" errors="0" timestamp="2024-09-12T23:43:04" hostname="Graces-MacBook-Pro-7.local" time="0.034">
  <properties/>
  <testcase name="testGameStart()" classname="csci.ooad.PolymorphiaTest" time="0.034">
    <failure message="java.util.NoSuchElementException: No line found" type="java.util.NoSuchElementException">java.util.NoSuchElementException: No line found
	at java.util.Scanner.nextLine(Scanner.java:1540)
	at csci.ooad.Maze.beginGame(Maze.java:61)
	at csci.ooad.PolymorphiaTest.testGameStart(PolymorphiaTest.java:23)
	at java.lang.reflect.Method.invoke(Method.java:498)
	at java.util.ArrayList.forEach(ArrayList.java:1259)
	at java.util.ArrayList.forEach(ArrayList.java:1259)
</failure>
  </testcase>
  <system-out><![CDATA[Starting the game...
Maze created with 4 rooms.
Enter adventurer's name: ]]></system-out>
  <system-err><![CDATA[]]></system-err>
</testsuite>
